2024-12-11 00:04:11,697 - INFO - Starting SQL Injection attack...
2024-12-11 00:04:11,697 - INFO - Payload sent: {'username': "admin' OR '1'='1", 'password': ''}
2024-12-11 00:04:12,701 - WARNING - SQL Injection detected by the system!
2024-12-11 00:04:12,702 - INFO - Triggering honeypot due to SQL injection detection...
2024-12-11 00:04:13,716 - INFO - Honeypot triggered successfully.
2024-12-11 00:39:00,810 - INFO - Starting SQL Injection attack...
2024-12-11 00:39:00,810 - INFO - Payload sent: {'username': "admin' OR '1'='1", 'password': ''}
2024-12-11 00:39:03,968 - WARNING - SQL Injection detected by the system!
2024-12-11 00:39:03,968 - INFO - Triggering honeypot due to SQL injection detection...
2024-12-11 00:39:05,532 - INFO - Honeypot triggered successfully.
2024-12-11 00:40:59,070 - INFO - Starting SQL Injection attack...
2024-12-11 00:40:59,070 - INFO - Payload sent: {'username': "admin' OR '1'='1", 'password': ''}
2024-12-11 00:41:01,640 - WARNING - SQL Injection detected by the system!
2024-12-11 00:41:01,641 - INFO - Triggering honeypot due to SQL injection detection...
2024-12-11 00:41:02,720 - INFO - Honeypot triggered successfully.
2024-12-11 03:23:53,087 - INFO - Starting SQL Injection attack...
2024-12-11 03:23:53,087 - INFO - Payload sent: {'username': "admin' OR '1'='1", 'password': ''}
2024-12-11 03:23:54,657 - WARNING - SQL Injection attack failed without detection.
2024-12-11 03:25:57,135 - INFO - Starting SQL Injection attack...
2024-12-11 03:25:57,135 - INFO - Payload sent: {'username': "admin' OR '1'='1", 'password': ''}
2024-12-11 03:25:57,144 - WARNING - SQL Injection attack failed without detection.
2024-12-11 03:26:00,035 - INFO - Starting SQL Injection attack...
2024-12-11 03:26:00,035 - INFO - Payload sent: {'username': "admin' OR '1'='1", 'password': ''}
2024-12-11 03:26:00,039 - WARNING - SQL Injection attack failed without detection.
2024-12-11 03:26:15,371 - INFO - Starting SQL Injection attack...
2024-12-11 03:26:15,372 - INFO - Payload sent: {'username': "admin' OR '1'='1", 'password': ''}
2024-12-11 03:26:16,842 - WARNING - SQL Injection attack failed without detection.
2024-12-11 03:29:08,466 - INFO - Starting SQL Injection attack...
2024-12-11 03:29:08,466 - INFO - Payload sent: {'username': "admin' OR '1'='1", 'password': ''}
2024-12-11 03:29:10,131 - WARNING - SQL Injection attack failed without detection.
2024-12-11 03:29:27,507 - INFO - Starting SQL Injection attack...
2024-12-11 03:29:27,507 - INFO - Payload sent: {'username': "admin' OR '1'='1", 'password': ''}
2024-12-11 03:29:27,516 - WARNING - SQL Injection attack failed without detection.
2024-12-11 03:29:35,992 - INFO - Starting SQL Injection attack...
2024-12-11 03:29:35,993 - INFO - Payload sent: {'username': "admin' OR '1'='1", 'password': ''}
2024-12-11 03:29:35,997 - WARNING - SQL Injection attack failed without detection.
2024-12-11 03:30:00,434 - INFO - Starting SQL Injection attack...
2024-12-11 03:30:00,434 - INFO - Payload sent: {'username': "admin' OR '1'='1", 'password': ''}
2024-12-11 03:30:02,461 - ERROR - Attack failed: HTTPConnectionPool(host='127.0.0.1', port=5000): Max retries exceeded with url: / (Caused by NewConnectionError('<urllib3.connection.HTTPConnection object at 0x000001B3B3DFF4D0>: Failed to establish a new connection: [WinError 10061] No connection could be made because the target machine actively refused it'))
2024-12-11 03:30:12,827 - INFO - Starting SQL Injection attack...
2024-12-11 03:30:12,828 - INFO - Payload sent: {'username': "admin' OR '1'='1", 'password': ''}
2024-12-11 03:30:14,427 - WARNING - SQL Injection attack failed without detection.
2024-12-11 03:33:34,266 - INFO - Starting SQL Injection attack...
2024-12-11 03:33:34,266 - INFO - Payload sent: {'username': "admin' OR '1'='1", 'password': ''}
2024-12-11 03:33:35,854 - WARNING - SQL Injection attack failed without detection.
2024-12-13 15:26:18,248 - INFO - Starting SQL Injection attack...
2024-12-13 15:26:18,250 - INFO - Payload sent: {'username': "admin' OR '1'='1", 'password': ''}
2024-12-13 15:26:21,390 - WARNING - SQL Injection detected by the system!
2024-12-13 15:26:21,391 - INFO - Triggering honeypot due to SQL injection detection...
2024-12-13 15:26:23,395 - INFO - Honeypot triggered successfully.
2024-12-13 15:27:50,073 - INFO - Starting SQL Injection attack...
2024-12-13 15:27:50,073 - INFO - Payload sent: {'username': "admin' OR '1'='1", 'password': ''}
2024-12-13 15:27:52,083 - WARNING - SQL Injection detected by the system!
2024-12-13 15:27:52,084 - INFO - Triggering honeypot due to SQL injection detection...
2024-12-13 15:27:53,648 - INFO - Honeypot triggered successfully.
2024-12-13 15:38:54,110 - INFO - Starting SQL Injection attack...
2024-12-13 15:38:54,110 - INFO - Payload sent: {'username': "admin' OR '1'='1", 'password': ''}
2024-12-13 15:38:55,679 - WARNING - SQL Injection attack failed without detection.
2024-12-13 15:39:51,723 - INFO - Starting SQL Injection attack...
2024-12-13 15:39:51,723 - INFO - Payload sent: {'username': "admin' OR '1'='1", 'password': ''}
2024-12-13 15:39:51,732 - WARNING - SQL Injection attack failed without detection.
2024-12-13 15:39:55,211 - INFO - Starting SQL Injection attack...
2024-12-13 15:39:55,211 - INFO - Payload sent: {'username': "admin' OR '1'='1", 'password': ''}
2024-12-13 15:39:55,215 - WARNING - SQL Injection attack failed without detection.
2024-12-13 16:00:06,447 - INFO - Starting SQL Injection attack...
2024-12-13 16:00:06,447 - INFO - Payload sent: {'username': "admin' OR '1'='1", 'password': ''}
2024-12-13 16:00:09,653 - WARNING - SQL Injection detected by the system!
2024-12-13 16:00:09,654 - INFO - Triggering honeypot due to SQL injection detection...
2024-12-13 16:00:11,218 - INFO - Honeypot triggered successfully.
2024-12-13 16:25:55,916 - INFO - Starting SQL Injection attack...
2024-12-13 16:25:56,904 - WARNING - SQL Injection detected by vulnerable system!
2024-12-13 16:27:28,480 - INFO - Starting SQL Injection attack...
2024-12-13 16:27:28,489 - INFO - SQL Injection attempt blocked.
2024-12-13 16:41:51,332 - INFO - Starting SQL Injection attack...
2024-12-13 16:41:52,907 - WARNING - SQL Injection attempt failed without detection.
2024-12-13 16:42:37,978 - INFO - Starting SQL Injection attack...
2024-12-13 16:42:38,986 - INFO - SQL Injection attempt blocked.
2024-12-13 16:46:39,100 - INFO - Starting SQL Injection attack...
2024-12-13 16:46:40,138 - WARNING - SQL Injection detected by vulnerable system!
2024-12-13 16:48:07,466 - INFO - Starting SQL Injection attack...
2024-12-13 16:48:07,475 - INFO - SQL Injection attempt blocked.
2024-12-13 16:48:39,165 - INFO - Starting SQL Injection attack...
2024-12-13 16:48:40,165 - WARNING - SQL Injection detected by vulnerable system!
2024-12-13 16:48:53,343 - INFO - Starting SQL Injection attack...
2024-12-13 16:48:54,907 - WARNING - SQL Injection detected by vulnerable system!
2024-12-13 16:56:08,138 - INFO - Starting SQL Injection attack...
2024-12-13 16:56:09,119 - WARNING - SQL Injection detected by vulnerable system!
2024-12-13 16:57:06,396 - INFO - Starting SQL Injection attack...
2024-12-13 16:57:07,963 - WARNING - SQL Injection detected by vulnerable system!
2024-12-13 16:57:44,740 - INFO - Starting SQL Injection attack...
2024-12-13 16:57:44,748 - INFO - SQL Injection attempt blocked.
